VirtualBox VM 5.2.4 r119785 win.amd64 (Dec 18 2017 15:47:18) release log
00:00:00.347827 Log opened 2018-02-05T04:12:45.322503300Z
00:00:00.347829 Build Type: release
00:00:00.347831 OS Product: Windows 10
00:00:00.347833 OS Release: 10.0.16299
00:00:00.347834 OS Service Pack: 
00:00:00.383860 DMI Product Name: 80XA
00:00:00.386395 DMI Product Version: Lenovo ideapad FLEX 5-1470
00:00:00.386404 Host RAM: 8058MB (7.8GB) total, 6125MB (5.9GB) available
00:00:00.386406 Executable: C:\Program Files\Oracle\VirtualBox\VBoxHeadless.exe
00:00:00.386407 Process ID: 9024
00:00:00.386407 Package type: WINDOWS_64BITS_GENERIC
00:00:00.388368 Installed Extension Packs:
00:00:00.388423   None installed!
00:00:00.389962 Console: Machine state changed to 'Starting'
00:00:00.499094 SUP: Loaded VMMR0.r0 (C:\Program Files\Oracle\VirtualBox\VMMR0.r0) at 0xXXXXXXXXXXXXXXXX - ModuleInit at XXXXXXXXXXXXXXXX and ModuleTerm at XXXXXXXXXXXXXXXX using the native ring-0 loader
00:00:00.499115 SUP: VMMR0EntryEx located at XXXXXXXXXXXXXXXX and VMMR0EntryFast at XXXXXXXXXXXXXXXX
00:00:00.499118 SUP: windbg> .reload /f C:\Program Files\Oracle\VirtualBox\VMMR0.r0=0xXXXXXXXXXXXXXXXX
00:00:00.501580 Guest OS type: 'Linux26_64'
00:00:00.502797 fHMForced=true - 64-bit guest
00:00:00.506094 File system of 'C:\Users\manis\.docker\machine\machines\default\boot2docker.iso' (DVD) is ntfs
00:00:00.507748 File system of 'C:\Users\manis\.docker\machine\machines\default\default\Snapshots' (snapshots) is unknown
00:00:00.507760 File system of 'C:\Users\manis\.docker\machine\machines\default\disk.vmdk' is ntfs
00:00:00.729464 Shared clipboard service loaded
00:00:00.729474 Shared clipboard mode: Off
00:00:00.738464 Drag and drop service loaded
00:00:00.738474 Drag and drop mode: Off
00:00:00.757508 Guest Control service loaded
00:00:01.467056 Per-VM extradata API settings:
00:00:01.467074   VBoxInternal2/SharedFoldersEnableSymlinksCreate/c/Users="1"
00:00:01.467254 ************************* CFGM dump *************************
00:00:01.467256 [/] (level 0)
00:00:01.467259   CSAMEnabled       <integer> = 0x0000000000000001 (1)
00:00:01.467262   CpuExecutionCap   <integer> = 0x0000000000000064 (100)
00:00:01.467263   EnablePAE         <integer> = 0x0000000000000001 (1)
00:00:01.467264   HMEnabled         <integer> = 0x0000000000000001 (1)
00:00:01.467265   MemBalloonSize    <integer> = 0x0000000000000000 (0)
00:00:01.467266   Name              <string>  = "default" (cb=8)
00:00:01.467268   NumCPUs           <integer> = 0x0000000000000001 (1)
00:00:01.467269   PATMEnabled       <integer> = 0x0000000000000001 (1)
00:00:01.467270   PageFusionAllowed <integer> = 0x0000000000000000 (0)
00:00:01.467271   RamHoleSize       <integer> = 0x0000000020000000 (536 870 912, 512 MB)
00:00:01.467273   RamSize           <integer> = 0x0000000040000000 (1 073 741 824, 1 024 MB)
00:00:01.467275   RawR0Enabled      <integer> = 0x0000000000000001 (1)
00:00:01.467276   RawR3Enabled      <integer> = 0x0000000000000001 (1)
00:00:01.467276   TimerMillies      <integer> = 0x000000000000000a (10)
00:00:01.467277   UUID              <bytes>   = "2e 81 f2 03 b5 0e d1 46 94 b7 3d 3b 7b 70 90 35" (cb=16)
00:00:01.467307 
00:00:01.467307 [/CPUM/] (level 1)
00:00:01.467309   GuestCpuName       <string>  = "host" (cb=5)
00:00:01.467310   PortableCpuIdLevel <integer> = 0x0000000000000000 (0)
00:00:01.467311 
00:00:01.467312 [/DBGC/] (level 1)
00:00:01.467313   GlobalInitScript <string>  = "C:\Users\manis\.VirtualBox/dbgc-init" (cb=37)
00:00:01.467314   HistoryFile      <string>  = "C:\Users\manis\.VirtualBox/dbgc-history" (cb=40)
00:00:01.467315   LocalInitScript  <string>  = "C:\Users\manis\.docker\machine\machines\default\default/dbgc-init" (cb=66)
00:00:01.467316 
00:00:01.467316 [/DBGF/] (level 1)
00:00:01.467318   Path <string>  = "C:\Users\manis\.docker\machine\machines\default\default/debug/;C:\Users\manis\.docker\machine\machines\default\default/;C:\Users\manis\" (cb=136)
00:00:01.467319 
00:00:01.467319 [/Devices/] (level 1)
00:00:01.467320 
00:00:01.467320 [/Devices/8237A/] (level 2)
00:00:01.467322 
00:00:01.467322 [/Devices/8237A/0/] (level 3)
00:00:01.467324   Trusted <integer> = 0x0000000000000001 (1)
00:00:01.467325 
00:00:01.467325 [/Devices/GIMDev/] (level 2)
00:00:01.467326 
00:00:01.467326 [/Devices/GIMDev/0/] (level 3)
00:00:01.467328   Trusted <integer> = 0x0000000000000001 (1)
00:00:01.467329 
00:00:01.467329 [/Devices/VMMDev/] (level 2)
00:00:01.467330 
00:00:01.467330 [/Devices/VMMDev/0/] (level 3)
00:00:01.467332   PCIBusNo      <integer> = 0x0000000000000000 (0)
00:00:01.467333   PCIDeviceNo   <integer> = 0x0000000000000004 (4)
00:00:01.467334   PCIFunctionNo <integer> = 0x0000000000000000 (0)
00:00:01.467334   Trusted       <integer> = 0x0000000000000001 (1)
00:00:01.467335 
00:00:01.467335 [/Devices/VMMDev/0/Config/] (level 4)
00:00:01.467337   GuestCoreDumpDir <string>  = "C:\Users\manis\.docker\machine\machines\default\default\Snapshots" (cb=66)
00:00:01.467338 
00:00:01.467338 [/Devices/VMMDev/0/LUN#0/] (level 4)
00:00:01.467340   Driver <string>  = "HGCM" (cb=5)
00:00:01.467340 
00:00:01.467341 [/Devices/VMMDev/0/LUN#0/Config/] (level 5)
00:00:01.467342   Object <integer> = 0x0000000003795240 (58 282 560)
00:00:01.467344 
00:00:01.467344 [/Devices/VMMDev/0/LUN#999/] (level 4)
00:00:01.467345   Driver <string>  = "MainStatus" (cb=11)
00:00:01.467346 
00:00:01.467347 [/Devices/VMMDev/0/LUN#999/Config/] (level 5)
00:00:01.467348   First   <integer> = 0x0000000000000000 (0)
00:00:01.467349   Last    <integer> = 0x0000000000000000 (0)
00:00:01.467350   papLeds <integer> = 0x0000000003794ad0 (58 280 656)
00:00:01.467351 
00:00:01.467352 [/Devices/acpi/] (level 2)
00:00:01.467353 
00:00:01.467353 [/Devices/acpi/0/] (level 3)
00:00:01.467354   PCIBusNo      <integer> = 0x0000000000000000 (0)
00:00:01.467355   PCIDeviceNo   <integer> = 0x0000000000000007 (7)
00:00:01.467356   PCIFunctionNo <integer> = 0x0000000000000000 (0)
00:00:01.467357   Trusted       <integer> = 0x0000000000000001 (1)
00:00:01.467358 
00:00:01.467358 [/Devices/acpi/0/Config/] (level 4)
00:00:01.467361   CpuHotPlug          <integer> = 0x0000000000000000 (0)
00:00:01.467362   FdcEnabled          <integer> = 0x0000000000000000 (0)
00:00:01.467363   HostBusPciAddress   <integer> = 0x0000000000000000 (0)
00:00:01.467363   HpetEnabled         <integer> = 0x0000000000000001 (1)
00:00:01.467365   IOAPIC              <integer> = 0x0000000000000001 (1)
00:00:01.467366   IocPciAddress       <integer> = 0x0000000000010000 (65 536)
00:00:01.467367   NumCPUs             <integer> = 0x0000000000000001 (1)
00:00:01.467368   Parallel0IoPortBase <integer> = 0x0000000000000000 (0)
00:00:01.467370   Parallel0Irq        <integer> = 0x0000000000000000 (0)
00:00:01.467372   Parallel1IoPortBase <integer> = 0x0000000000000000 (0)
00:00:01.467373   Parallel1Irq        <integer> = 0x0000000000000000 (0)
00:00:01.467373   Serial0IoPortBase   <integer> = 0x0000000000000000 (0)
00:00:01.467374   Serial0Irq          <integer> = 0x0000000000000000 (0)
00:00:01.467375   Serial1IoPortBase   <integer> = 0x0000000000000000 (0)
00:00:01.467376   Serial1Irq          <integer> = 0x0000000000000000 (0)
00:00:01.467377   ShowCpu             <integer> = 0x0000000000000001 (1)
00:00:01.467377   ShowRtc             <integer> = 0x0000000000000000 (0)
00:00:01.467378   SmcEnabled          <integer> = 0x0000000000000000 (0)
00:00:01.467380 
00:00:01.467381 [/Devices/acpi/0/LUN#0/] (level 4)
00:00:01.467383   Driver <string>  = "ACPIHost" (cb=9)
00:00:01.467384 
00:00:01.467384 [/Devices/acpi/0/LUN#0/Config/] (level 5)
00:00:01.467386 
00:00:01.467386 [/Devices/ahci/] (level 2)
00:00:01.467389 
00:00:01.467389 [/Devices/ahci/0/] (level 3)
00:00:01.467394   PCIBusNo      <integer> = 0x0000000000000000 (0)
00:00:01.467395   PCIDeviceNo   <integer> = 0x000000000000000d (13)
00:00:01.467396   PCIFunctionNo <integer> = 0x0000000000000000 (0)
00:00:01.467397   Trusted       <integer> = 0x0000000000000001 (1)
00:00:01.467397 
00:00:01.467398 [/Devices/ahci/0/Config/] (level 4)
00:00:01.467399   Bootable  <integer> = 0x0000000000000001 (1)
00:00:01.467400   PortCount <integer> = 0x000000000000001e (30)
00:00:01.467401 
00:00:01.467402 [/Devices/ahci/0/Config/Port0/] (level 5)
00:00:01.467403   Hotpluggable <integer> = 0x0000000000000000 (0)
00:00:01.467404 
00:00:01.467404 [/Devices/ahci/0/Config/Port1/] (level 5)
00:00:01.467406   Hotpluggable <integer> = 0x0000000000000000 (0)
00:00:01.467407 
00:00:01.467407 [/Devices/ahci/0/LUN#0/] (level 4)
00:00:01.467408   Driver <string>  = "SCSI" (cb=5)
00:00:01.467409 
00:00:01.467409 [/Devices/ahci/0/LUN#0/AttachedDriver/] (level 5)
00:00:01.467411   Driver <string>  = "VD" (cb=3)
00:00:01.467412 
00:00:01.467413 [/Devices/ahci/0/LUN#0/AttachedDriver/Config/] (level 6)
00:00:01.467414   Format    <string>  = "RAW" (cb=4)
00:00:01.467415   Mountable <integer> = 0x0000000000000001 (1)
00:00:01.467416   Path      <string>  = "C:\Users\manis\.docker\machine\machines\default\boot2docker.iso" (cb=64)
00:00:01.467417   ReadOnly  <integer> = 0x0000000000000001 (1)
00:00:01.467418   Type      <string>  = "DVD" (cb=4)
00:00:01.467419 
00:00:01.467419 [/Devices/ahci/0/LUN#1/] (level 4)
00:00:01.467421   Driver <string>  = "VD" (cb=3)
00:00:01.467421 
00:00:01.467422 [/Devices/ahci/0/LUN#1/Config/] (level 5)
00:00:01.467423   Format    <string>  = "VMDK" (cb=5)
00:00:01.467424   Mountable <integer> = 0x0000000000000000 (0)
00:00:01.467425   Path      <string>  = "C:\Users\manis\.docker\machine\machines\default\disk.vmdk" (cb=58)
00:00:01.467425   Type      <string>  = "HardDisk" (cb=9)
00:00:01.467426 
00:00:01.467426 [/Devices/ahci/0/LUN#999/] (level 4)
00:00:01.467427   Driver <string>  = "MainStatus" (cb=11)
00:00:01.467428 
00:00:01.467428 [/Devices/ahci/0/LUN#999/Config/] (level 5)
00:00:01.467430   DeviceInstance        <string>  = "ahci/0" (cb=7)
00:00:01.467431   First                 <integer> = 0x0000000000000000 (0)
00:00:01.467432   Last                  <integer> = 0x000000000000001d (29)
00:00:01.467433   pConsole              <integer> = 0x00000000037942c0 (58 278 592)
00:00:01.467435   papLeds               <integer> = 0x00000000037946d0 (58 279 632)
00:00:01.467436   pmapMediumAttachments <integer> = 0x0000000003794af0 (58 280 688)
00:00:01.467437 
00:00:01.467437 [/Devices/apic/] (level 2)
00:00:01.467438 
00:00:01.467438 [/Devices/apic/0/] (level 3)
00:00:01.467440   Trusted <integer> = 0x0000000000000001 (1)
00:00:01.467440 
00:00:01.467441 [/Devices/apic/0/Config/] (level 4)
00:00:01.467442   IOAPIC  <integer> = 0x0000000000000001 (1)
00:00:01.467443   Mode    <integer> = 0x0000000000000002 (2)
00:00:01.467443   NumCPUs <integer> = 0x0000000000000001 (1)
00:00:01.467444 
00:00:01.467444 [/Devices/e1000/] (level 2)
00:00:01.467445 
00:00:01.467446 [/Devices/e1000/0/] (level 3)
00:00:01.467447   PCIBusNo      <integer> = 0x0000000000000000 (0)
00:00:01.467448   PCIDeviceNo   <integer> = 0x0000000000000003 (3)
00:00:01.467449   PCIFunctionNo <integer> = 0x0000000000000000 (0)
00:00:01.467449   Trusted       <integer> = 0x0000000000000001 (1)
00:00:01.467450 
00:00:01.467450 [/Devices/e1000/0/Config/] (level 4)
00:00:01.467452   AdapterType    <integer> = 0x0000000000000000 (0)
00:00:01.467452   CableConnected <integer> = 0x0000000000000001 (1)
00:00:01.467453   LineSpeed      <integer> = 0x0000000000000000 (0)
00:00:01.467454   MAC            <bytes>   = "08 00 27 09 49 57" (cb=6)
00:00:01.467456 
00:00:01.467456 [/Devices/e1000/0/LUN#0/] (level 4)
00:00:01.467457   Driver <string>  = "NAT" (cb=4)
00:00:01.467458 
00:00:01.467459 [/Devices/e1000/0/LUN#0/Config/] (level 5)
00:00:01.467460   AliasMode       <integer> = 0x0000000000000000 (0)
00:00:01.467463   BootFile        <string>  = "default.pxe" (cb=12)
00:00:01.467464   DNSProxy        <integer> = 0x0000000000000001 (1)
00:00:01.467465   Network         <string>  = "10.0.2.0/24" (cb=12)
00:00:01.467466   PassDomain      <integer> = 0x0000000000000001 (1)
00:00:01.467466   TFTPPrefix      <string>  = "C:\Users\manis\.VirtualBox\TFTP" (cb=32)
00:00:01.467467   UseHostResolver <integer> = 0x0000000000000000 (0)
00:00:01.467468 
00:00:01.467468 [/Devices/e1000/0/LUN#0/Config/PortForwarding/] (level 6)
00:00:01.467470 
00:00:01.467471 [/Devices/e1000/0/LUN#0/Config/PortForwarding/0/] (level 7)
00:00:01.467472   BindIP    <string>  = "127.0.0.1" (cb=10)
00:00:01.467473   GuestPort <integer> = 0x0000000000000016 (22)
00:00:01.467474   HostPort  <integer> = 0x000000000000c392 (50 066)
00:00:01.467475   Name      <string>  = "ssh" (cb=4)
00:00:01.467475   Protocol  <string>  = "TCP" (cb=4)
00:00:01.467476 
00:00:01.467476 [/Devices/e1000/0/LUN#999/] (level 4)
00:00:01.467477   Driver <string>  = "MainStatus" (cb=11)
00:00:01.467478 
00:00:01.467478 [/Devices/e1000/0/LUN#999/Config/] (level 5)
00:00:01.467480   First   <integer> = 0x0000000000000000 (0)
00:00:01.467480   Last    <integer> = 0x0000000000000000 (0)
00:00:01.467481   papLeds <integer> = 0x00000000037949b0 (58 280 368)
00:00:01.467482 
00:00:01.467483 [/Devices/e1000/1/] (level 3)
00:00:01.467484   PCIBusNo      <integer> = 0x0000000000000000 (0)
00:00:01.467485   PCIDeviceNo   <integer> = 0x0000000000000008 (8)
00:00:01.467485   PCIFunctionNo <integer> = 0x0000000000000000 (0)
00:00:01.467486   Trusted       <integer> = 0x0000000000000001 (1)
00:00:01.467487 
00:00:01.467487 [/Devices/e1000/1/Config/] (level 4)
00:00:01.467489   AdapterType    <integer> = 0x0000000000000000 (0)
00:00:01.467489   CableConnected <integer> = 0x0000000000000001 (1)
00:00:01.467490   LineSpeed      <integer> = 0x0000000000000000 (0)
00:00:01.467491   MAC            <bytes>   = "08 00 27 7f f5 9d" (cb=6)
00:00:01.467493 
00:00:01.467493 [/Devices/e1000/1/LUN#0/] (level 4)
00:00:01.467495   Driver <string>  = "IntNet" (cb=7)
00:00:01.467495 
00:00:01.467496 [/Devices/e1000/1/LUN#0/Config/] (level 5)
00:00:01.467497   IfPolicyPromisc      <string>  = "deny" (cb=5)
00:00:01.467498   IgnoreConnectFailure <integer> = 0x0000000000000000 (0)
00:00:01.467499   Network              <string>  = "HostInterfaceNetworking-VirtualBox Host-Only Ethernet Adapter #2" (cb=65)
00:00:01.467500   Trunk                <string>  = "VirtualBox Host-Only Ethernet Adapter #2" (cb=41)
00:00:01.467501   TrunkType            <integer> = 0x0000000000000004 (4)
00:00:01.467502 
00:00:01.467502 [/Devices/e1000/1/LUN#999/] (level 4)
00:00:01.467503   Driver <string>  = "MainStatus" (cb=11)
00:00:01.467504 
00:00:01.467504 [/Devices/e1000/1/LUN#999/Config/] (level 5)
00:00:01.467505   First   <integer> = 0x0000000000000000 (0)
00:00:01.467506   Last    <integer> = 0x0000000000000000 (0)
00:00:01.467507   papLeds <integer> = 0x00000000037949b8 (58 280 376)
00:00:01.467508 
00:00:01.467508 [/Devices/hpet/] (level 2)
00:00:01.467509 
00:00:01.467509 [/Devices/hpet/0/] (level 3)
00:00:01.467511   Trusted <integer> = 0x0000000000000001 (1)
00:00:01.467511 
00:00:01.467512 [/Devices/hpet/0/Config/] (level 4)
00:00:01.467513   ICH9 <integer> = 0x0000000000000000 (0)
00:00:01.467514 
00:00:01.467514 [/Devices/i8254/] (level 2)
00:00:01.467515 
00:00:01.467516 [/Devices/i8254/0/] (level 3)
00:00:01.467517 
00:00:01.467517 [/Devices/i8254/0/Config/] (level 4)
00:00:01.467518 
00:00:01.467518 [/Devices/i8259/] (level 2)
00:00:01.467519 
00:00:01.467520 [/Devices/i8259/0/] (level 3)
00:00:01.467521   Trusted <integer> = 0x0000000000000001 (1)
00:00:01.467521 
00:00:01.467522 [/Devices/i8259/0/Config/] (level 4)
00:00:01.467523 
00:00:01.467523 [/Devices/ichac97/] (level 2)
00:00:01.467524 
00:00:01.467524 [/Devices/ichac97/0/] (level 3)
00:00:01.467525   PCIBusNo      <integer> = 0x0000000000000000 (0)
00:00:01.467526   PCIDeviceNo   <integer> = 0x0000000000000005 (5)
00:00:01.467527   PCIFunctionNo <integer> = 0x0000000000000000 (0)
00:00:01.467528   Trusted       <integer> = 0x0000000000000001 (1)
00:00:01.467529 
00:00:01.467529 [/Devices/ichac97/0/AudioConfig/] (level 4)
00:00:01.467530 
00:00:01.467531 [/Devices/ichac97/0/Config/] (level 4)
00:00:01.467532   Codec <string>  = "STAC9700" (cb=9)
00:00:01.467533 
00:00:01.467533 [/Devices/ichac97/0/LUN#0/] (level 4)
00:00:01.467534   Driver <string>  = "AUDIO" (cb=6)
00:00:01.467535 
00:00:01.467535 [/Devices/ichac97/0/LUN#0/AttachedDriver/] (level 5)
00:00:01.467537   Driver <string>  = "DSoundAudio" (cb=12)
00:00:01.467537 
00:00:01.467538 [/Devices/ichac97/0/LUN#0/AttachedDriver/Config/] (level 6)
00:00:01.467539   StreamName <string>  = "default" (cb=8)
00:00:01.467540 
00:00:01.467540 [/Devices/ichac97/0/LUN#0/Config/] (level 5)
00:00:01.467542   DebugEnabled  <integer> = 0x0000000000000000 (0)
00:00:01.467542   DebugPathOut  <string>  = "" (cb=1)
00:00:01.467543   DriverName    <string>  = "DSoundAudio" (cb=12)
00:00:01.467544   InputEnabled  <integer> = 0x0000000000000000 (0)
00:00:01.467545   OutputEnabled <integer> = 0x0000000000000000 (0)
00:00:01.467545 
00:00:01.467546 [/Devices/ichac97/0/LUN#1/] (level 4)
00:00:01.467547   Driver <string>  = "AUDIO" (cb=6)
00:00:01.467547 
00:00:01.467548 [/Devices/ichac97/0/LUN#1/AttachedDriver/] (level 5)
00:00:01.467549   Driver <string>  = "AudioVRDE" (cb=10)
00:00:01.467550 
00:00:01.467550 [/Devices/ichac97/0/LUN#1/AttachedDriver/Config/] (level 6)
00:00:01.467552   Object           <integer> = 0x000000000376c980 (58 116 480)
00:00:01.467553   ObjectVRDPServer <integer> = 0x000000000379bea0 (58 310 304)
00:00:01.467554   StreamName       <string>  = "default" (cb=8)
00:00:01.467555 
00:00:01.467555 [/Devices/ichac97/0/LUN#1/Config/] (level 5)
00:00:01.467556   DebugEnabled  <integer> = 0x0000000000000000 (0)
00:00:01.467557   DebugPathOut  <string>  = "" (cb=1)
00:00:01.467558   DriverName    <string>  = "AudioVRDE" (cb=10)
00:00:01.467559   InputEnabled  <integer> = 0x0000000000000000 (0)
00:00:01.467559   OutputEnabled <integer> = 0x0000000000000000 (0)
00:00:01.467560 
00:00:01.467560 [/Devices/ioapic/] (level 2)
00:00:01.467561 
00:00:01.467562 [/Devices/ioapic/0/] (level 3)
00:00:01.467563   Trusted <integer> = 0x0000000000000001 (1)
00:00:01.467564 
00:00:01.467564 [/Devices/ioapic/0/Config/] (level 4)
00:00:01.467565   NumCPUs <integer> = 0x0000000000000001 (1)
00:00:01.467566 
00:00:01.467566 [/Devices/mc146818/] (level 2)
00:00:01.467567 
00:00:01.467568 [/Devices/mc146818/0/] (level 3)
00:00:01.467569 
00:00:01.467569 [/Devices/mc146818/0/Config/] (level 4)
00:00:01.467571   UseUTC <integer> = 0x0000000000000001 (1)
00:00:01.467571 
00:00:01.467572 [/Devices/parallel/] (level 2)
00:00:01.467573 
00:00:01.467573 [/Devices/pcarch/] (level 2)
00:00:01.467574 
00:00:01.467574 [/Devices/pcarch/0/] (level 3)
00:00:01.467575   Trusted <integer> = 0x0000000000000001 (1)
00:00:01.467576 
00:00:01.467576 [/Devices/pcarch/0/Config/] (level 4)
00:00:01.467577 
00:00:01.467577 [/Devices/pcbios/] (level 2)
00:00:01.467578 
00:00:01.467579 [/Devices/pcbios/0/] (level 3)
00:00:01.467580   Trusted <integer> = 0x0000000000000001 (1)
00:00:01.467580 
00:00:01.467581 [/Devices/pcbios/0/Config/] (level 4)
00:00:01.467582   APIC               <integer> = 0x0000000000000001 (1)
00:00:01.467583   BootDevice0        <string>  = "DVD" (cb=4)
00:00:01.467584   BootDevice1        <string>  = "DVD" (cb=4)
00:00:01.467585   BootDevice2        <string>  = "IDE" (cb=4)
00:00:01.467585   BootDevice3        <string>  = "NONE" (cb=5)
00:00:01.467586   FloppyDevice       <string>  = "i82078" (cb=7)
00:00:01.467587   HardDiskDevice     <string>  = "piix3ide" (cb=9)
00:00:01.467588   IOAPIC             <integer> = 0x0000000000000001 (1)
00:00:01.467588   McfgBase           <integer> = 0x0000000000000000 (0)
00:00:01.467589   McfgLength         <integer> = 0x0000000000000000 (0)
00:00:01.467590   NumCPUs            <integer> = 0x0000000000000001 (1)
00:00:01.467591   PXEDebug           <integer> = 0x0000000000000000 (0)
00:00:01.467592   SataHardDiskDevice <string>  = "ahci" (cb=5)
00:00:01.467593   SataLUN1           <integer> = 0x0000000000000001 (1)
00:00:01.467593   UUID               <bytes>   = "2e 81 f2 03 b5 0e d1 46 94 b7 3d 3b 7b 70 90 35" (cb=16)
00:00:01.467596 
00:00:01.467596 [/Devices/pcbios/0/Config/NetBoot/] (level 5)
00:00:01.467597 
00:00:01.467598 [/Devices/pcbios/0/Config/NetBoot/0/] (level 6)
00:00:01.467599   NIC           <integer> = 0x0000000000000000 (0)
00:00:01.467600   PCIBusNo      <integer> = 0x0000000000000000 (0)
00:00:01.467601   PCIDeviceNo   <integer> = 0x0000000000000003 (3)
00:00:01.467602   PCIFunctionNo <integer> = 0x0000000000000000 (0)
00:00:01.467602 
00:00:01.467603 [/Devices/pci/] (level 2)
00:00:01.467604 
00:00:01.467604 [/Devices/pci/0/] (level 3)
00:00:01.467605   Trusted <integer> = 0x0000000000000001 (1)
00:00:01.467606 
00:00:01.467606 [/Devices/pci/0/Config/] (level 4)
00:00:01.467607   IOAPIC <integer> = 0x0000000000000001 (1)
00:00:01.467608 
00:00:01.467608 [/Devices/pckbd/] (level 2)
00:00:01.467610 
00:00:01.467610 [/Devices/pckbd/0/] (level 3)
00:00:01.467611   Trusted <integer> = 0x0000000000000001 (1)
00:00:01.467612 
00:00:01.467612 [/Devices/pckbd/0/Config/] (level 4)
00:00:01.467613 
00:00:01.467613 [/Devices/pckbd/0/LUN#0/] (level 4)
00:00:01.467615   Driver <string>  = "KeyboardQueue" (cb=14)
00:00:01.467615 
00:00:01.467616 [/Devices/pckbd/0/LUN#0/AttachedDriver/] (level 5)
00:00:01.467617   Driver <string>  = "MainKeyboard" (cb=13)
00:00:01.467618 
00:00:01.467618 [/Devices/pckbd/0/LUN#0/AttachedDriver/Config/] (level 6)
00:00:01.467620   Object <integer> = 0x0000000003797ae0 (58 292 960)
00:00:01.467621 
00:00:01.467621 [/Devices/pckbd/0/LUN#0/Config/] (level 5)
00:00:01.467623   QueueSize <integer> = 0x0000000000000040 (64)
00:00:01.467623 
00:00:01.467624 [/Devices/pckbd/0/LUN#1/] (level 4)
00:00:01.467625   Driver <string>  = "MouseQueue" (cb=11)
00:00:01.467626 
00:00:01.467626 [/Devices/pckbd/0/LUN#1/AttachedDriver/] (level 5)
00:00:01.467627   Driver <string>  = "MainMouse" (cb=10)
00:00:01.467628 
00:00:01.467629 [/Devices/pckbd/0/LUN#1/AttachedDriver/Config/] (level 6)
00:00:01.467630   Object <integer> = 0x0000000003798150 (58 294 608)
00:00:01.467631 
00:00:01.467631 [/Devices/pckbd/0/LUN#1/Config/] (level 5)
00:00:01.467633   QueueSize <integer> = 0x0000000000000080 (128)
00:00:01.467634 
00:00:01.467634 [/Devices/pcnet/] (level 2)
00:00:01.467635 
00:00:01.467636 [/Devices/serial/] (level 2)
00:00:01.467637 
00:00:01.467637 [/Devices/vga/] (level 2)
00:00:01.467638 
00:00:01.467638 [/Devices/vga/0/] (level 3)
00:00:01.467639   PCIBusNo      <integer> = 0x0000000000000000 (0)
00:00:01.467640   PCIDeviceNo   <integer> = 0x0000000000000002 (2)
00:00:01.467641   PCIFunctionNo <integer> = 0x0000000000000000 (0)
00:00:01.467642   Trusted       <integer> = 0x0000000000000001 (1)
00:00:01.467643 
00:00:01.467643 [/Devices/vga/0/Config/] (level 4)
00:00:01.467645   CustomVideoModes <integer> = 0x0000000000000000 (0)
00:00:01.467646   FadeIn           <integer> = 0x0000000000000000 (0)
00:00:01.467646   FadeOut          <integer> = 0x0000000000000000 (0)
00:00:01.467647   HeightReduction  <integer> = 0x0000000000000000 (0)
00:00:01.467650   LogoFile         <string>  = "" (cb=1)
00:00:01.467651   LogoTime         <integer> = 0x0000000000000000 (0)
00:00:01.467652   MonitorCount     <integer> = 0x0000000000000001 (1)
00:00:01.467653   ShowBootMenu     <integer> = 0x0000000000000000 (0)
00:00:01.467654   VRamSize         <integer> = 0x0000000000800000 (8 388 608, 8 MB)
00:00:01.467655 
00:00:01.467656 [/Devices/vga/0/LUN#0/] (level 4)
00:00:01.467657   Driver <string>  = "MainDisplay" (cb=12)
00:00:01.467658 
00:00:01.467658 [/Devices/vga/0/LUN#0/Config/] (level 5)
00:00:01.467659   Object <integer> = 0x00000000037989f0 (58 296 816)
00:00:01.467660 
00:00:01.467661 [/Devices/vga/0/LUN#999/] (level 4)
00:00:01.467662   Driver <string>  = "MainStatus" (cb=11)
00:00:01.467662 
00:00:01.467663 [/Devices/vga/0/LUN#999/Config/] (level 5)
00:00:01.467664   First   <integer> = 0x0000000000000000 (0)
00:00:01.467665   Last    <integer> = 0x0000000000000000 (0)
00:00:01.467666   papLeds <integer> = 0x0000000003794ae8 (58 280 680)
00:00:01.467667 
00:00:01.467667 [/Devices/virtio-net/] (level 2)
00:00:01.467668 
00:00:01.467669 [/EM/] (level 1)
00:00:01.467670   TripleFaultReset <integer> = 0x0000000000000000 (0)
00:00:01.467670 
00:00:01.467671 [/GIM/] (level 1)
00:00:01.467672   Provider <string>  = "KVM" (cb=4)
00:00:01.467672 
00:00:01.467673 [/HM/] (level 1)
00:00:01.467674   64bitEnabled       <integer> = 0x0000000000000001 (1)
00:00:01.467675   EnableLargePages   <integer> = 0x0000000000000001 (1)
00:00:01.467676   EnableNestedPaging <integer> = 0x0000000000000001 (1)
00:00:01.467677   EnableUX           <integer> = 0x0000000000000001 (1)
00:00:01.467677   EnableVPID         <integer> = 0x0000000000000001 (1)
00:00:01.467678   Exclusive          <integer> = 0x0000000000000000 (0)
00:00:01.467679   HMForced           <integer> = 0x0000000000000001 (1)
00:00:01.467680 
00:00:01.467680 [/MM/] (level 1)
00:00:01.467681   CanUseLargerHeap <integer> = 0x0000000000000000 (0)
00:00:01.467682 
00:00:01.467682 [/PDM/] (level 1)
00:00:01.467683 
00:00:01.467683 [/PDM/AsyncCompletion/] (level 2)
00:00:01.467685 
00:00:01.467685 [/PDM/AsyncCompletion/File/] (level 3)
00:00:01.467686 
00:00:01.467686 [/PDM/AsyncCompletion/File/BwGroups/] (level 4)
00:00:01.467687 
00:00:01.467688 [/PDM/BlkCache/] (level 2)
00:00:01.467689   CacheSize <integer> = 0x0000000000500000 (5 242 880, 5 MB)
00:00:01.467690 
00:00:01.467691 [/PDM/Devices/] (level 2)
00:00:01.467691 
00:00:01.467692 [/PDM/Drivers/] (level 2)
00:00:01.467693 
00:00:01.467693 [/PDM/Drivers/VBoxC/] (level 3)
00:00:01.467694   Path <string>  = "VBoxC" (cb=6)
00:00:01.467695 
00:00:01.467695 [/PDM/NetworkShaper/] (level 2)
00:00:01.467696 
00:00:01.467696 [/PDM/NetworkShaper/BwGroups/] (level 3)
00:00:01.467697 
00:00:01.467698 [/TM/] (level 1)
00:00:01.467698   UTCOffset <integer> = 0x0000000000000000 (0)
00:00:01.467699 
00:00:01.467700 ********************* End of CFGM dump **********************
00:00:01.467708 VM: fHMEnabled=true  (configured) fRecompileUser=false fRecompileSupervisor=false
00:00:01.467710 VM: fRawRing1Enabled=false CSAM=true  PATM=true 
00:00:01.467929 HM: HMR3Init: VT-x w/ nested paging and unrestricted guest execution hw support
00:00:01.468076 MM: cbHyperHeap=0x100000 (1048576)
00:00:01.470686 CPUM: fXStateHostMask=0x7; initial: 0x7; host XCR0=0x1f
00:00:01.472816 CPUM: Matched host CPU INTEL 0x6/0x8e/0x9 Intel_Atom_Unknown with CPU DB entry 'Intel Pentium N3530 2.16GHz' (INTEL 0x6/0x37/0x8 Intel_Atom_Silvermont)
00:00:01.472940 CPUM: MXCSR_MASK=0xffff (host: 0xffff)
00:00:01.472995 CPUM: Microcode revision 0x00000062
00:00:01.473039 CPUM: Changing leaf 13[0]: EBX=0x440 -> 0x340, ECX=0x440 -> 0x340
00:00:01.473137 CPUM: SetGuestCpuIdFeature: Enabled PAE
00:00:01.477324 PGM: HCPhysInterPD=0000000089010000 HCPhysInterPaePDPT=0000000089013000 HCPhysInterPaePML4=0000000089015000
00:00:01.477340 PGM: apInterPTs={0000000089011000,0000000089012000} apInterPaePTs={00000001b829a000,00000001b829b000} apInterPaePDs={00000001b829c000,00000001b7b9d000,00000001b819e000,00000001b7e9f000} pInterPaePDPT64=0000000089014000
00:00:01.477349 PGM: Host paging mode: AMD64+NX
00:00:01.477410 PGM: PGMPool: cMaxPages=560 (u64MaxPages=545)
00:00:01.477416 PGM: pgmR3PoolInit: cMaxPages=0x230 cMaxUsers=0x460 cMaxPhysExts=0x460 fCacheEnable=true 
00:00:01.497227 TM: GIP - u32Mode=3 (Invariant) u32UpdateHz=92 u32UpdateIntervalNS=10794300 enmUseTscDelta=2 (Pratically Zero) fGetGipCpu=0xb cCpus=4
00:00:01.497244 TM: GIP - u64CpuHz=2 712 001 425 (0xa1a5db91)  SUPGetCpuHzFromGip => 2 712 001 425
00:00:01.497251 TM: GIP - CPU: iCpuSet=0x0 idCpu=0x0 idApic=0x0 iGipCpu=0x0 i64TSCDelta=0 enmState=3 u64CpuHz=2712001425(*) cErrors=0
00:00:01.497257 TM: GIP - CPU: iCpuSet=0x1 idCpu=0x1 idApic=0x1 iGipCpu=0x1 i64TSCDelta=0 enmState=3 u64CpuHz=2711983799(*) cErrors=0
00:00:01.497263 TM: GIP - CPU: iCpuSet=0x2 idCpu=0x2 idApic=0x2 iGipCpu=0x2 i64TSCDelta=0 enmState=3 u64CpuHz=2711998918(*) cErrors=0
00:00:01.497323 TM: GIP - CPU: iCpuSet=0x3 idCpu=0x3 idApic=0x3 iGipCpu=0x3 i64TSCDelta=0 enmState=3 u64CpuHz=2712001207(*) cErrors=0
00:00:01.497440 TM: cTSCTicksPerSecond=2 712 001 425 (0xa1a5db91) enmTSCMode=3 (Dynamic)
00:00:01.497442 TM: TSCTiedToExecution=false TSCNotTiedToHalt=false
00:00:01.498254 VMM: CoreCode: R3=0000000006280000 R0=XXXXXXXXXXXXXXXX RC=a055b000 Phys=0000000088d80000 cb=0x1000
00:00:01.498779 IEM: TargetCpu=CURRENT, Microarch=Intel_Atom_Unknown
00:00:01.499114 GIM: Using provider 'KVM' (Implementation version: 0)
00:00:01.499145 CPUM: SetGuestCpuIdFeature: Enabled Hypervisor Present bit
00:00:01.499341 AIOMgr: Default manager type is 'Async'
00:00:01.499350 AIOMgr: Default file backend is 'NonBuffered'
00:00:01.499639 BlkCache: Cache successfully initialized. Cache size is 5242880 bytes
00:00:01.499650 BlkCache: Cache commit interval is 10000 ms
00:00:01.499654 BlkCache: Cache commit threshold is 2621440 bytes
00:00:01.690173 PcBios: [SMP] BIOS with 1 CPUs
00:00:01.690256 PcBios: Using the 386+ BIOS image.
00:00:01.690566 PcBios: MPS table at 000e1300
00:00:01.693971 PcBios: fCheckShutdownStatusForSoftReset=true   fClearShutdownStatusOnHardReset=true 
00:00:01.706682 SUP: Loaded VBoxDDR0.r0 (C:\Program Files\Oracle\VirtualBox\VBoxDDR0.r0) at 0xXXXXXXXXXXXXXXXX - ModuleInit at XXXXXXXXXXXXXXXX and ModuleTerm at XXXXXXXXXXXXXXXX using the native ring-0 loader
00:00:01.706696 SUP: windbg> .reload /f C:\Program Files\Oracle\VirtualBox\VBoxDDR0.r0=0xXXXXXXXXXXXXXXXX
00:00:01.707065 CPUM: SetGuestCpuIdFeature: Enabled xAPIC
00:00:01.707762 IOAPIC: Using implementation 2.0!
00:00:01.708056 PIT: mode=3 count=0x10000 (65536) - 18.20 Hz (ch=0)
00:00:01.722180 Shared Folders service loaded
00:00:01.736594 VGA: Using the 386+ BIOS image.
00:00:01.742930 DrvVD: Flushes will be ignored
00:00:01.742943 DrvVD: Async flushes will be passed to the disk
00:00:01.744770 VD: VDInit finished with VINF_SUCCESS
00:00:01.744914 VD: Opening the disk took 350881 ns
00:00:01.745160 AHCI: LUN#0: CD/DVD
00:00:01.745425 DrvVD: Flushes will be ignored
00:00:01.745436 DrvVD: Async flushes will be passed to the disk
00:00:01.750191 VD: Opening the disk took 3160414 ns
00:00:01.750245 AHCI: LUN#1: disk, PCHS=16383/16/63, total number of sectors 40960000
00:00:01.750433 AHCI: Port2: No driver attached
00:00:01.750442 AHCI: Port3: No driver attached
00:00:01.750445 AHCI: Port4: No driver attached
00:00:01.750448 AHCI: Port5: No driver attached
00:00:01.750451 AHCI: Port6: No driver attached
00:00:01.750454 AHCI: Port7: No driver attached
00:00:01.750457 AHCI: Port8: No driver attached
00:00:01.750460 AHCI: Port9: No driver attached
00:00:01.750463 AHCI: Port10: No driver attached
00:00:01.750466 AHCI: Port11: No driver attached
00:00:01.750468 AHCI: Port12: No driver attached
00:00:01.750468 AHCI: Port13: No driver attached
00:00:01.750468 AHCI: Port14: No driver attached
00:00:01.750468 AHCI: Port15: No driver attached
00:00:01.750468 AHCI: Port16: No driver attached
00:00:01.750468 AHCI: Port17: No driver attached
00:00:01.750468 AHCI: Port18: No driver attached
00:00:01.750468 AHCI: Port19: No driver attached
00:00:01.750468 AHCI: Port20: No driver attached
00:00:01.750468 AHCI: Port21: No driver attached
00:00:01.750468 AHCI: Port22: No driver attached
00:00:01.750578 AHCI: Port23: No driver attached
00:00:01.750580 AHCI: Port24: No driver attached
00:00:01.750585 AHCI: Port25: No driver attached
00:00:01.750589 AHCI: Port26: No driver attached
00:00:01.750591 AHCI: Port27: No driver attached
00:00:01.750594 AHCI: Port28: No driver attached
00:00:01.750597 AHCI: Port29: No driver attached
00:00:01.750634 AHCI#0: Reset the HBA
00:00:01.750638 VD#1: Cancelling all active requests
00:00:01.750750 E1000#0 Chip=82540EM LinkUpDelay=3000ms EthernetCRC=on GSO=enabled Itr=disabled ItrRx=enabled TID=disabled R0=enabled GC=enabled
00:00:01.758254 NAT: Guest address guess set to 10.0.2.15 by initialization
00:00:01.764297 NAT: DNS#0: 75.75.75.75
00:00:01.764313 NAT: DNS#1: 75.75.76.76
00:00:01.794143 NAT: Set redirect TCP 127.0.0.1:50066 -> 0.0.0.0:22
00:00:01.797865 E1000#1 Chip=82540EM LinkUpDelay=3000ms EthernetCRC=on GSO=enabled Itr=disabled ItrRx=enabled TID=disabled R0=enabled GC=enabled
00:00:01.798050 IntNet#0: szNetwork={HostInterfaceNetworking-VirtualBox Host-Only Ethernet Adapter #2} enmTrunkType=4 szTrunk={VirtualBox Host-Only Ethernet Adapter #2} fFlags=0x8000 cbRecv=325632 cbSend=196608 fIgnoreConnectFailure=false
00:00:01.798800 Audio: Initializing DirectSound audio driver
00:00:01.946413 DSound: Output: GUID: {BBE986BC-874E-4FD5-89BF-ED0D039AEB69} [Speakers (Realtek High Definition Audio)] (Module: {0.0.0.00000000}.{bbe986bc-874e-4fd5-89bf-ed0d039aeb69})
00:00:02.089428 DSound: Input: GUID: {90C799CD-A6CF-4BF7-8E0F-5E98A1429B49} [Microphone Array (Realtek High Definition Audio)] (Module: {0.0.1.00000000}.{90c799cd-a6cf-4bf7-8e0f-5e98a1429b49})
00:00:02.089864 Audio: Initializing VRDE driver
00:00:02.089924 AC97: Reset
00:00:02.090535 PGM: The CPU physical address width is 39 bits
00:00:02.090547 PGM: PGMR3InitFinalize: 4 MB PSE mask 0000007fffffffff
00:00:02.090749 TM: TMR3InitFinalize: fTSCModeSwitchAllowed=true 
00:00:02.114245 VMM: Thread-context hooks unavailable
00:00:02.114797 HM: Using VT-x implementation 2.0
00:00:02.114798 HM: Host CR4                        = 0x170678
00:00:02.114799 HM: Host EFER                       = 0xd01
00:00:02.114813 HM: MSR_IA32_SMM_MONITOR_CTL        = 0x0
00:00:02.114813 HM: MSR_IA32_FEATURE_CONTROL        = 0x5
00:00:02.114814 HM: MSR_IA32_VMX_BASIC_INFO         = 0xda040000000004
00:00:02.114815 HM:   VMCS id                         = 0x4
00:00:02.114815 HM:   VMCS size                       = 1024 bytes
00:00:02.114816 HM:   VMCS physical address limit     = None
00:00:02.114817 HM:   VMCS memory type                = 0x6
00:00:02.114817 HM:   Dual-monitor treatment support  = true 
00:00:02.114818 HM:   OUTS & INS instruction-info     = false
00:00:02.114818 HM:   Supports true capability MSRs   = false
00:00:02.114819 HM: Max resume loops                = 1024
00:00:02.114819 HM: MSR_IA32_VMX_PINBASED_CTLS      = 0x7f00000016
00:00:02.114820 HM:   EXT_INT_EXIT
00:00:02.114820 HM:   NMI_EXIT
00:00:02.114821 HM:   VIRTUAL_NMI
00:00:02.114821 HM:   PREEMPT_TIMER
00:00:02.114821 HM:   POSTED_INTR (must be cleared)
00:00:02.114822 HM: MSR_IA32_VMX_PROCBASED_CTLS     = 0xfff9fffe0401e172
00:00:02.114822 HM:   INT_WINDOW_EXIT
00:00:02.114823 HM:   USE_TSC_OFFSETTING
00:00:02.114835 HM:   HLT_EXIT
00:00:02.114835 HM:   INVLPG_EXIT
00:00:02.114835 HM:   MWAIT_EXIT
00:00:02.114836 HM:   RDPMC_EXIT
00:00:02.114836 HM:   RDTSC_EXIT
00:00:02.114836 HM:   CR3_LOAD_EXIT (must be set)
00:00:02.114837 HM:   CR3_STORE_EXIT (must be set)
00:00:02.114837 HM:   CR8_LOAD_EXIT
00:00:02.114837 HM:   CR8_STORE_EXIT
00:00:02.114838 HM:   USE_TPR_SHADOW
00:00:02.114838 HM:   NMI_WINDOW_EXIT
00:00:02.114838 HM:   MOV_DR_EXIT
00:00:02.114838 HM:   UNCOND_IO_EXIT
00:00:02.114839 HM:   USE_IO_BITMAPS
00:00:02.114839 HM:   MONITOR_TRAP_FLAG
00:00:02.114839 HM:   USE_MSR_BITMAPS
00:00:02.114840 HM:   MONITOR_EXIT
00:00:02.114840 HM:   PAUSE_EXIT
00:00:02.114840 HM:   USE_SECONDARY_EXEC_CTRL
00:00:02.114840 HM: MSR_IA32_VMX_PROCBASED_CTLS2    = 0x5fbcff00000000
00:00:02.114841 HM:   VIRT_APIC
00:00:02.114842 HM:   EPT
00:00:02.114842 HM:   DESCRIPTOR_TABLE_EXIT
00:00:02.114842 HM:   RDTSCP
00:00:02.114842 HM:   VIRT_X2APIC
00:00:02.114843 HM:   VPID
00:00:02.114843 HM:   WBINVD_EXIT
00:00:02.114843 HM:   UNRESTRICTED_GUEST
00:00:02.114844 HM:   APIC_REG_VIRT (must be cleared)
00:00:02.114844 HM:   VIRT_INTR_DELIVERY (must be cleared)
00:00:02.114844 HM:   PAUSE_LOOP_EXIT
00:00:02.114845 HM:   RDRAND_EXIT
00:00:02.114857 HM:   INVPCID
00:00:02.114857 HM:   VMFUNC
00:00:02.114858 HM:   VMCS_SHADOWING (must be cleared)
00:00:02.114858 HM:   ENCLS_EXIT
00:00:02.114858 HM:   RDSEED_EXIT
00:00:02.114859 HM:   PML
00:00:02.114859 HM:   EPT_VE
00:00:02.114859 HM:   CONCEAL_FROM_PT
00:00:02.114859 HM:   XSAVES_XRSTORS
00:00:02.114872 HM:   TSC_SCALING (must be cleared)
00:00:02.114872 HM: MSR_IA32_VMX_ENTRY_CTLS         = 0x3ffff000011ff
00:00:02.114873 HM:   LOAD_DEBUG (must be set)
00:00:02.114873 HM:   IA32E_MODE_GUEST
00:00:02.114874 HM:   ENTRY_SMM
00:00:02.114874 HM:   DEACTIVATE_DUALMON
00:00:02.114874 HM:   LOAD_GUEST_PERF_MSR
00:00:02.114874 HM:   LOAD_GUEST_PAT_MSR
00:00:02.114875 HM:   LOAD_GUEST_EFER_MSR
00:00:02.114875 HM: MSR_IA32_VMX_EXIT_CTLS          = 0x1ffffff00036dff
00:00:02.114876 HM:   SAVE_DEBUG (must be set)
00:00:02.114876 HM:   HOST_ADDR_SPACE_SIZE
00:00:02.114877 HM:   LOAD_PERF_MSR
00:00:02.114877 HM:   ACK_EXT_INT
00:00:02.114877 HM:   SAVE_GUEST_PAT_MSR
00:00:02.114877 HM:   LOAD_HOST_PAT_MSR
00:00:02.114878 HM:   SAVE_GUEST_EFER_MSR
00:00:02.114878 HM:   LOAD_HOST_EFER_MSR
00:00:02.114878 HM:   SAVE_VMX_PREEMPT_TIMER
00:00:02.114879 HM: MSR_IA32_VMX_EPT_VPID_CAP       = 0xf0106734141
00:00:02.114879 HM:   RWX_X_ONLY
00:00:02.114880 HM:   PAGE_WALK_LENGTH_4
00:00:02.114880 HM:   EMT_UC
00:00:02.114880 HM:   EMT_WB
00:00:02.114880 HM:   PDE_2M
00:00:02.114881 HM:   PDPTE_1G
00:00:02.114881 HM:   INVEPT
00:00:02.114881 HM:   EPT_ACCESS_DIRTY
00:00:02.114881 HM:   INVEPT_SINGLE_CONTEXT
00:00:02.114882 HM:   INVEPT_ALL_CONTEXTS
00:00:02.114882 HM:   INVVPID
00:00:02.114882 HM:   INVVPID_INDIV_ADDR
00:00:02.114883 HM:   INVVPID_SINGLE_CONTEXT
00:00:02.114883 HM:   INVVPID_ALL_CONTEXTS
00:00:02.114883 HM:   INVVPID_SINGLE_CONTEXT_RETAIN_GLOBALS
00:00:02.114884 HM: MSR_IA32_VMX_MISC               = 0x7004c1e7
00:00:02.114884 HM:   PREEMPT_TSC_BIT                 = 0x7
00:00:02.114885 HM:   STORE_EFERLMA_VMEXIT            = true 
00:00:02.114885 HM:   ACTIVITY_STATES                 = 0x7
00:00:02.114886 HM:   CR3_TARGET                      = 0x4
00:00:02.114886 HM:   MAX_MSR                         = 512
00:00:02.114886 HM:   RDMSR_SMBASE_MSR_SMM            = true 
00:00:02.114887 HM:   SMM_MONITOR_CTL_B2              = true 
00:00:02.114887 HM:   VMWRITE_VMEXIT_INFO             = true 
00:00:02.114888 HM:   MSEG_ID                         = 0x0
00:00:02.114888 HM: MSR_IA32_VMX_CR0_FIXED0         = 0x80000021
00:00:02.114889 HM: MSR_IA32_VMX_CR0_FIXED1         = 0xffffffff
00:00:02.114889 HM: MSR_IA32_VMX_CR4_FIXED0         = 0x2000
00:00:02.114890 HM: MSR_IA32_VMX_CR4_FIXED1         = 0x3727ff
00:00:02.114890 HM: MSR_IA32_VMX_VMCS_ENUM          = 0x2e
00:00:02.114891 HM:   HIGHEST_INDEX                   = 0x17
00:00:02.114891 HM: MSR_IA32_VMX_VMFUNC             = 0x1
00:00:02.114892 HM:   EPTP_SWITCHING
00:00:02.114892 HM: APIC-access page physaddr       = 0x0000000088d1f000
00:00:02.114893 HM: VCPU  0: MSR bitmap physaddr    = 0x0000000088d1d000
00:00:02.114894 HM: VCPU  0: VMCS physaddr          = 0x0000000088d1e000
00:00:02.114895 HM: Guest support: 32-bit and 64-bit
00:00:02.114900 HM: Supports VMCS EFER fields       = true 
00:00:02.114901 HM: Enabled VMX
00:00:02.114903 CPUM: SetGuestCpuIdFeature: Enabled SYSENTER/EXIT
00:00:02.114903 CPUM: SetGuestCpuIdFeature: Enabled PAE
00:00:02.114904 CPUM: SetGuestCpuIdFeature: Enabled LONG MODE
00:00:02.114904 CPUM: SetGuestCpuIdFeature: Enabled SYSCALL/RET
00:00:02.114905 CPUM: SetGuestCpuIdFeature: Enabled LAHF/SAHF
00:00:02.114905 CPUM: SetGuestCpuIdFeature: Enabled NX
00:00:02.114905 HM: Enabled nested paging
00:00:02.114906 HM:   EPT flush type                = VMXFLUSHEPT_SINGLE_CONTEXT
00:00:02.114906 HM: Enabled unrestricted guest execution
00:00:02.114907 HM: Enabled large page support
00:00:02.114907 HM: Enabled VPID
00:00:02.114907 HM:   VPID flush type               = VMXFLUSHVPID_SINGLE_CONTEXT
00:00:02.114908 HM: Enabled VMX-preemption timer (cPreemptTimerShift=7)
00:00:02.114908 HM: VT-x/AMD-V init method: LOCAL
00:00:02.114909 VMM: fUsePeriodicPreemptionTimers=false
00:00:02.114969 CPUM: Logical host processors: 4 present, 4 max, 4 online, online mask: 000000000000000f
00:00:02.114970 CPUM: Physical host cores: 2
00:00:02.114971 ************************* CPUID dump ************************
00:00:02.115000          Raw Standard CPUID Leaves
00:00:02.115000      Leaf/sub-leaf  eax      ebx      ecx      edx
00:00:02.115013 Gst: 00000000/0000  00000016 756e6547 6c65746e 49656e69
00:00:02.115015 Hst:                00000016 756e6547 6c65746e 49656e69
00:00:02.115016 Gst: 00000001/0000  000806e9 00000800 d6d8220b 078bfbff
00:00:02.115017 Hst:                000806e9 01100800 7ffafbbf bfebfbff
00:00:02.115018 Gst: 00000002/0000  76036301 00f0b5ff 00000000 00c30000
00:00:02.115019 Hst:                76036301 00f0b5ff 00000000 00c30000
00:00:02.115020 Gst: 00000003/0000  00000000 00000000 00000000 00000000
00:00:02.115020 Hst:                00000000 00000000 00000000 00000000
00:00:02.115021 Gst: 00000004/0000  00000121 01c0003f 0000003f 00000000
00:00:02.115022 Hst:                1c004121 01c0003f 0000003f 00000000
00:00:02.115023 Gst: 00000004/0001  00000122 01c0003f 0000003f 00000000
00:00:02.115024 Hst:                1c004122 01c0003f 0000003f 00000000
00:00:02.115025 Gst: 00000004/0002  00000143 00c0003f 000003ff 00000000
00:00:02.115025 Hst:                1c004143 00c0003f 000003ff 00000000
00:00:02.115026 Gst: 00000004/0003  00000163 02c0003f 00000fff 00000006
00:00:02.115027 Hst:                1c03c163 02c0003f 00000fff 00000006
00:00:02.115028 Gst: 00000004/0004  00000000 00000000 00000000 00000000
00:00:02.115028 Hst:                00000000 00000000 00000000 00000000
00:00:02.115029 Gst: 00000005/0000  00000040 00000040 00000000 00000000
00:00:02.115030 Hst:                00000040 00000040 00000003 11142120
00:00:02.115031 Gst: 00000006/0000  00000000 00000000 00000000 00000000
00:00:02.115031 Hst:                000027f7 00000002 00000009 00000000
00:00:02.115032 Gst: 00000007/0000  00000000 00842020 00000000 00000000
00:00:02.115033 Hst:                00000000 029c67af 00000000 00000000
00:00:02.115034 Gst: 00000007/0001  00000000 00000000 00000000 00000000
00:00:02.115034 Hst:                00000000 00000000 00000000 00000000
00:00:02.115035 Gst: 00000008/0000  00000000 00000000 00000000 00000000
00:00:02.115035 Hst:                00000000 00000000 00000000 00000000
00:00:02.115036 Gst: 00000009/0000  00000000 00000000 00000000 00000000
00:00:02.115036 Hst:                00000000 00000000 00000000 00000000
00:00:02.115037 Gst: 0000000a/0000  00000000 00000000 00000000 00000000
00:00:02.115038 Hst:                07300404 00000000 00000000 00000603
00:00:02.115038 Gst: 0000000b/0000  00000000 00000001 00000100 00000000
00:00:02.115039 Hst:                00000001 00000002 00000100 00000001
00:00:02.115039 Gst: 0000000b/0001  00000001 00000001 00000201 00000000
00:00:02.115040 Hst:                00000004 00000004 00000201 00000001
00:00:02.115041 Gst: 0000000b/0002  00000000 00000000 00000002 00000000
00:00:02.115041 Hst:                00000000 00000000 00000002 00000001
00:00:02.115042 Gst: 0000000c/0000  00000000 00000000 00000000 00000000
00:00:02.115042 Hst:                00000000 00000000 00000000 00000000
00:00:02.115043 Gst: 0000000d/0000  00000007 00000340 00000340 00000000
00:00:02.115044 Hst:                0000001f 00000440 00000440 00000000
00:00:02.115044 Gst: 0000000d/0001  00000000 00000440 00000000 00000000
00:00:02.115045 Hst:                0000000f 00000440 00000100 00000000
00:00:02.115045 Gst: 0000000d/0002  00000100 00000240 00000000 00000000
00:00:02.115046 Hst:                00000100 00000240 00000000 00000000
00:00:02.115047 Gst: 0000000d/0003  00000000 00000000 00000000 00000000
00:00:02.115047 Hst:                00000040 000003c0 00000000 00000000
00:00:02.115048 Gst: 0000000d/0004  00000000 00000000 00000000 00000000
00:00:02.115048 Hst:                00000040 00000400 00000000 00000000
00:00:02.115049 Gst: 0000000d/0005  00000000 00000000 00000000 00000000
00:00:02.115050 Hst:                00000000 00000000 00000000 00000000
00:00:02.115050 Gst: 0000000d/0006  00000000 00000000 00000000 00000000
00:00:02.115051 Hst:                00000000 00000000 00000000 00000000
00:00:02.115051 Gst: 0000000d/0007  00000000 00000000 00000000 00000000
00:00:02.115052 Hst:                00000000 00000000 00000000 00000000
00:00:02.115053 Gst: 0000000d/0008  00000000 00000000 00000000 00000000
00:00:02.115053 Hst:                00000080 00000000 00000001 00000000
00:00:02.115054 Gst: 0000000d/0009  00000000 00000000 00000000 00000000
00:00:02.115054 Hst:                00000000 00000000 00000000 00000000
00:00:02.115073 Gst: 0000000e/0000  00000000 00000000 00000000 00000000
00:00:02.115073 Hst:                00000000 00000000 00000000 00000000
00:00:02.115074 Gst: 0000000f/0000  00000000 00000000 00000000 00000000
00:00:02.115075 Hst:                00000000 00000000 00000000 00000000
00:00:02.115075 Gst: 00000010/0000  00000000 00000000 00000000 00000000
00:00:02.115076 Hst:                00000000 00000000 00000000 00000000
00:00:02.115076 Gst: 00000011/0000  00000000 00000000 00000000 00000000
00:00:02.115077 Hst:                00000000 00000000 00000000 00000000
00:00:02.115078 Gst: 00000012/0000  00000000 00000000 00000000 00000000
00:00:02.115078 Hst:                00000000 00000000 00000000 00000000
00:00:02.115079 Gst: 00000013/0000  00000000 00000000 00000000 00000000
00:00:02.115079 Hst:                00000000 00000000 00000000 00000000
00:00:02.115080 Gst: 00000014/0000  00000000 00000000 00000000 00000000
00:00:02.115080 Hst:                00000001 0000000f 00000007 00000000
00:00:02.115081 Hst: 00000015/0000  00000002 000000e2 00000000 00000000
00:00:02.115084 Hst: 00000016/0000  00000a8c 00000c1c 00000064 00000000
00:00:02.115085                                Name: GenuineIntel
00:00:02.115086                            Supports: 0x00000000-0x00000016
00:00:02.115102                              Family:  6 	Extended: 0 	Effective: 6
00:00:02.115103                               Model: 14 	Extended: 8 	Effective: 142
00:00:02.115104                            Stepping: 9
00:00:02.115105                                Type: 0 (primary)
00:00:02.115106                             APIC ID: 0x00
00:00:02.115106                        Logical CPUs: 0
00:00:02.115107                        CLFLUSH Size: 8
00:00:02.115107                            Brand ID: 0x00
00:00:02.115108 Features
00:00:02.115109   Mnemonic - Description                                  = guest (host)
00:00:02.115121   FPU - x87 FPU on Chip                                   = 1 (1)
00:00:02.115123   VME - Virtual 8086 Mode Enhancements                    = 1 (1)
00:00:02.115124   DE - Debugging extensions                               = 1 (1)
00:00:02.115125   PSE - Page Size Extension                               = 1 (1)
00:00:02.115125   TSC - Time Stamp Counter                                = 1 (1)
00:00:02.115126   MSR - Model Specific Registers                          = 1 (1)
00:00:02.115127   PAE - Physical Address Extension                        = 1 (1)
00:00:02.115128   MCE - Machine Check Exception                           = 1 (1)
00:00:02.115128   CX8 - CMPXCHG8B instruction                             = 1 (1)
00:00:02.115129   APIC - APIC On-Chip                                     = 1 (1)
00:00:02.115130   SEP - SYSENTER and SYSEXIT Present                      = 1 (1)
00:00:02.115131   MTRR - Memory Type Range Registers                      = 1 (1)
00:00:02.115131   PGE - PTE Global Bit                                    = 1 (1)
00:00:02.115132   MCA - Machine Check Architecture                        = 1 (1)
00:00:02.115133   CMOV - Conditional Move instructions                    = 1 (1)
00:00:02.115134   PAT - Page Attribute Table                              = 1 (1)
00:00:02.115134   PSE-36 - 36-bit Page Size Extension                     = 1 (1)
00:00:02.115135   PSN - Processor Serial Number                           = 0 (0)
00:00:02.115136   CLFSH - CLFLUSH instruction                             = 1 (1)
00:00:02.115137   DS - Debug Store                                        = 0 (1)
00:00:02.115137   ACPI - Thermal Mon. & Soft. Clock Ctrl.                 = 0 (1)
00:00:02.115138   MMX - Intel MMX Technology                              = 1 (1)
00:00:02.115139   FXSR - FXSAVE and FXRSTOR instructions                  = 1 (1)
00:00:02.115140   SSE - SSE support                                       = 1 (1)
00:00:02.115140   SSE2 - SSE2 support                                     = 1 (1)
00:00:02.115141   SS - Self Snoop                                         = 0 (1)
00:00:02.115142   HTT - Hyper-Threading Technology                        = 0 (1)
00:00:02.115143   TM - Therm. Monitor                                     = 0 (1)
00:00:02.115144   PBE - Pending Break Enabled                             = 0 (1)
00:00:02.115144   SSE3 - SSE3 support                                     = 1 (1)
00:00:02.115145   PCLMUL - PCLMULQDQ support (for AES-GCM)                = 1 (1)
00:00:02.115146   DTES64 - DS Area 64-bit Layout                          = 0 (1)
00:00:02.115147   MONITOR - MONITOR/MWAIT instructions                    = 1 (1)
00:00:02.115147   CPL-DS - CPL Qualified Debug Store                      = 0 (1)
00:00:02.115148   VMX - Virtual Machine Extensions                        = 0 (1)
00:00:02.115149   SMX - Safer Mode Extensions                             = 0 (0)
00:00:02.115149   EST - Enhanced SpeedStep Technology                     = 0 (1)
00:00:02.115150   TM2 - Terminal Monitor 2                                = 0 (1)
00:00:02.115151   SSSE3 - Supplemental Streaming SIMD Extensions 3        = 1 (1)
00:00:02.115152   CNTX-ID - L1 Context ID                                 = 0 (0)
00:00:02.115152   SDBG - Silicon Debug interface                          = 0 (1)
00:00:02.115153   FMA - Fused Multiply Add extensions                     = 0 (1)
00:00:02.115154   CX16 - CMPXCHG16B instruction                           = 1 (1)
00:00:02.115154   TPRUPDATE - xTPR Update Control                         = 0 (1)
00:00:02.115155   PDCM - Perf/Debug Capability MSR                        = 0 (1)
00:00:02.115156   PCID - Process Context Identifiers                      = 0 (1)
00:00:02.115169   DCA - Direct Cache Access                               = 0 (0)
00:00:02.115170   SSE4_1 - SSE4_1 support                                 = 1 (1)
00:00:02.115171   SSE4_2 - SSE4_2 support                                 = 1 (1)
00:00:02.115172   X2APIC - x2APIC support                                 = 0 (1)
00:00:02.115172   MOVBE - MOVBE instruction                               = 1 (1)
00:00:02.115173   POPCNT - POPCNT instruction                             = 1 (1)
00:00:02.115174   TSCDEADL - Time Stamp Counter Deadline                  = 0 (1)
00:00:02.115175   AES - AES instructions                                  = 1 (1)
00:00:02.115175   XSAVE - XSAVE instruction                               = 1 (1)
00:00:02.115176   OSXSAVE - OSXSAVE instruction                           = 0 (1)
00:00:02.115177   AVX - AVX support                                       = 1 (1)
00:00:02.115178   F16C - 16-bit floating point conversion instructions    = 0 (1)
00:00:02.115178   RDRAND - RDRAND instruction                             = 1 (1)
00:00:02.115179   HVP - Hypervisor Present (we're a guest)                = 1 (0)
00:00:02.115180 Structured Extended Feature Flags Enumeration (leaf 7):
00:00:02.115180   Mnemonic - Description                                  = guest (host)
00:00:02.115181   FSGSBASE - RDFSBASE/RDGSBASE/WRFSBASE/WRGSBASE instr.   = 0 (1)
00:00:02.115182   TSCADJUST - Supports MSR_IA32_TSC_ADJUST                = 0 (1)
00:00:02.115182   SGX - Supports Software Guard Extensions                = 0 (1)
00:00:02.115183   BMI1 - Advanced Bit Manipulation extension 1            = 0 (1)
00:00:02.115184   HLE - Hardware Lock Elision                             = 0 (0)
00:00:02.115184   AVX2 - Advanced Vector Extensions 2                     = 1 (1)
00:00:02.115185   FDP_EXCPTN_ONLY - FPU DP only updated on exceptions     = 0 (0)
00:00:02.115186   SMEP - Supervisor Mode Execution Prevention             = 0 (1)
00:00:02.115186   BMI2 - Advanced Bit Manipulation extension 2            = 0 (1)
00:00:02.115187   ERMS - Enhanced REP MOVSB/STOSB instructions            = 0 (1)
00:00:02.115188   INVPCID - INVPCID instruction                           = 0 (1)
00:00:02.115188   RTM - Restricted Transactional Memory                   = 0 (0)
00:00:02.115189   PQM - Platform Quality of Service Monitoring            = 0 (0)
00:00:02.115190   DEPFPU_CS_DS - Deprecates FPU CS, FPU DS values if set  = 1 (1)
00:00:02.115190   MPE - Intel Memory Protection Extensions                = 0 (1)
00:00:02.115191   PQE - Platform Quality of Service Enforcement           = 0 (0)
00:00:02.115192   AVX512F - AVX512 Foundation instructions                = 0 (0)
00:00:02.115192   RDSEED - RDSEED instruction                             = 1 (1)
00:00:02.115193   ADX - ADCX/ADOX instructions                            = 0 (1)
00:00:02.115194   SMAP - Supervisor Mode Access Prevention                = 0 (1)
00:00:02.115194   CLFLUSHOPT - CLFLUSHOPT (Cache Line Flush) instruction  = 1 (1)
00:00:02.115195   INTEL_PT - Intel Processor Trace                        = 0 (1)
00:00:02.115196   AVX512PF - AVX512 Prefetch instructions                 = 0 (0)
00:00:02.115197   AVX512ER - AVX512 Exponential & Reciprocal instructions = 0 (0)
00:00:02.115197   AVX512CD - AVX512 Conflict Detection instructions       = 0 (0)
00:00:02.115198   SHA - Secure Hash Algorithm extensions                  = 0 (0)
00:00:02.115199   PREFETCHWT1 - PREFETCHWT1 instruction                   = 0 (0)
00:00:02.115199   PKU - Protection Key for Usermode pages                 = 0 (0)
00:00:02.115200   OSPKU - CR4.PKU mirror                                  = 0 (0)
00:00:02.115201 Processor Extended State Enumeration (leaf 0xd):
00:00:02.115201    XSAVE area cur/max size by XCR0, guest: 0x340/0x340
00:00:02.115202     XSAVE area cur/max size by XCR0, host: 0x440/0x440
00:00:02.115203                    Valid XCR0 bits, guest: 0x00000000`00000007 ( x87 SSE YMM_Hi128 )
00:00:02.115204                     Valid XCR0 bits, host: 0x00000000`0000001f ( x87 SSE YMM_Hi128 BNDREGS BNDCSR )
00:00:02.115206                     XSAVE features, guest:
00:00:02.115207                      XSAVE features, host: XSAVEOPT XSAVEC XGETBC1 XSAVES
00:00:02.115208       XSAVE area cur size XCR0|XSS, guest: 0x440
00:00:02.115208        XSAVE area cur size XCR0|XSS, host: 0x440
00:00:02.115209                Valid IA32_XSS bits, guest: 0x00000000`00000000
00:00:02.115210                 Valid IA32_XSS bits, host: 0x00000100`00000000 ( 40 )
00:00:02.115211   State #2, guest: off=0x0240, cb=0x0100 IA32_XSS-bit -- YMM_Hi128
00:00:02.115212   State #2, host:  off=0x0240, cb=0x0100 IA32_XSS-bit -- YMM_Hi128
00:00:02.115214   State #3, host:  off=0x03c0, cb=0x0040 IA32_XSS-bit -- BNDREGS
00:00:02.115215   State #4, host:  off=0x0400, cb=0x0040 IA32_XSS-bit -- BNDCSR
00:00:02.115216   State #8, host:  off=0x0000, cb=0x0080 XCR0-bit -- 8
00:00:02.115226          Unknown CPUID Leaves
00:00:02.115226      Leaf/sub-leaf  eax      ebx      ecx      edx
00:00:02.115227 Gst: 00000014/0001  00000000 00000000 00000000 00000000
00:00:02.115228 Hst:                02490002 003f3fff 00000000 00000000
00:00:02.115229 Gst: 00000014/0002  00000000 00000000 00000000 00000000
00:00:02.115229 Hst:                00000000 00000000 00000000 00000000
00:00:02.115231 Gst: 00000015/0000  00000000 00000000 00000000 00000000
00:00:02.115231 Hst:                00000002 000000e2 00000000 00000000
00:00:02.115233 Gst: 00000016/0000  00000000 00000000 00000000 00000000
00:00:02.115233 Hst:                00000a8c 00000c1c 00000064 00000000
00:00:02.115234          Raw Hypervisor CPUID Leaves
00:00:02.115235      Leaf/sub-leaf  eax      ebx      ecx      edx
00:00:02.115235 Gst: 40000000/0000  40000001 4b4d564b 564b4d56 0000004d
00:00:02.115236 Hst:                00000a8c 00000c1c 00000064 00000000
00:00:02.115237 Gst: 40000001/0000  01000089 00000000 00000000 00000000
00:00:02.115238 Hst:                00000a8c 00000c1c 00000064 00000000
00:00:02.115259          Raw Extended CPUID Leaves
00:00:02.115259      Leaf/sub-leaf  eax      ebx      ecx      edx
00:00:02.115259 Gst: 80000000/0000  80000008 00000000 00000000 00000000
00:00:02.115260 Hst:                80000008 00000000 00000000 00000000
00:00:02.115261 Gst: 80000001/0000  00000000 00000000 00000121 28100800
00:00:02.115262 Hst:                00000000 00000000 00000121 2c100800
00:00:02.115263 Gst: 80000002/0000  65746e49 2952286c 726f4320 4d542865
00:00:02.115264 Hst:                65746e49 2952286c 726f4320 4d542865
00:00:02.115265 Gst: 80000003/0000  35692029 3032372d 43205530 40205550
00:00:02.115266 Hst:                35692029 3032372d 43205530 40205550
00:00:02.115267 Gst: 80000004/0000  352e3220 7a484730 00000000 00000000
00:00:02.115268 Hst:                352e3220 7a484730 00000000 00000000
00:00:02.115269 Gst: 80000005/0000  00000000 00000000 00000000 00000000
00:00:02.115269 Hst:                00000000 00000000 00000000 00000000
00:00:02.115270 Gst: 80000006/0000  00000000 00000000 01006040 00000000
00:00:02.115271 Hst:                00000000 00000000 01006040 00000000
00:00:02.115271 Gst: 80000007/0000  00000000 00000000 00000000 00000100
00:00:02.115272 Hst:                00000000 00000000 00000000 00000100
00:00:02.115273 Gst: 80000008/0000  00003027 00000000 00000000 00000000
00:00:02.115273 Hst:                00003027 00000000 00000000 00000000
00:00:02.115274 Ext Name:                        
00:00:02.115275 Ext Supports:                    0x80000000-0x80000008
00:00:02.115275 Family:                          0  	Extended: 0 	Effective: 0
00:00:02.115276 Model:                           0  	Extended: 0 	Effective: 0
00:00:02.115276 Stepping:                        0
00:00:02.115277 Brand ID:                        0x000
00:00:02.115277 Ext Features
00:00:02.115277   Mnemonic - Description                                  = guest (host)
00:00:02.115278   FPU - x87 FPU on Chip                                   = 0 (0)
00:00:02.115279   VME - Virtual 8086 Mode Enhancements                    = 0 (0)
00:00:02.115280   DE - Debugging extensions                               = 0 (0)
00:00:02.115280   PSE - Page Size Extension                               = 0 (0)
00:00:02.115281   TSC - Time Stamp Counter                                = 0 (0)
00:00:02.115282   MSR - K86 Model Specific Registers                      = 0 (0)
00:00:02.115283   PAE - Physical Address Extension                        = 0 (0)
00:00:02.115283   MCE - Machine Check Exception                           = 0 (0)
00:00:02.115284   CX8 - CMPXCHG8B instruction                             = 0 (0)
00:00:02.115285   APIC - APIC On-Chip                                     = 0 (0)
00:00:02.115286   SEP - SYSCALL/SYSRET                                    = 1 (1)
00:00:02.115286   MTRR - Memory Type Range Registers                      = 0 (0)
00:00:02.115287   PGE - PTE Global Bit                                    = 0 (0)
00:00:02.115288   MCA - Machine Check Architecture                        = 0 (0)
00:00:02.115289   CMOV - Conditional Move instructions                    = 0 (0)
00:00:02.115289   PAT - Page Attribute Table                              = 0 (0)
00:00:02.115290   PSE-36 - 36-bit Page Size Extension                     = 0 (0)
00:00:02.115291   NX - No-Execute/Execute-Disable                         = 1 (1)
00:00:02.115291   AXMMX - AMD Extensions to MMX instructions              = 0 (0)
00:00:02.115292   MMX - Intel MMX Technology                              = 0 (0)
00:00:02.115293   FXSR - FXSAVE and FXRSTOR Instructions                  = 0 (0)
00:00:02.115293   FFXSR - AMD fast FXSAVE and FXRSTOR instructions        = 0 (0)
00:00:02.115294   Page1GB - 1 GB large page                               = 0 (1)
00:00:02.115295   RDTSCP - RDTSCP instruction                             = 1 (1)
00:00:02.115296   LM - AMD64 Long Mode                                    = 1 (1)
00:00:02.115296   3DNOWEXT - AMD Extensions to 3DNow                      = 0 (0)
00:00:02.115297   3DNOW - AMD 3DNow                                       = 0 (0)
00:00:02.115298   LahfSahf - LAHF/SAHF support in 64-bit mode             = 1 (1)
00:00:02.115299   CmpLegacy - Core multi-processing legacy mode           = 0 (0)
00:00:02.115299   SVM - AMD Secure Virtual Machine extensions             = 0 (0)
00:00:02.115300   EXTAPIC - AMD Extended APIC registers                   = 0 (0)
00:00:02.115301   CR8L - AMD LOCK MOV CR0 means MOV CR8                   = 0 (0)
00:00:02.115301   ABM - AMD Advanced Bit Manipulation                     = 1 (1)
00:00:02.115302   SSE4A - SSE4A instructions                              = 0 (0)
00:00:02.115303   MISALIGNSSE - AMD Misaligned SSE mode                   = 0 (0)
00:00:02.115303   3DNOWPRF - AMD PREFETCH and PREFETCHW instructions      = 1 (1)
00:00:02.115304   OSVW - AMD OS Visible Workaround                        = 0 (0)
00:00:02.115305   IBS - Instruct Based Sampling                           = 0 (0)
00:00:02.115306   XOP - Extended Operation support                        = 0 (0)
00:00:02.115306   SKINIT - SKINIT, STGI, and DEV support                  = 0 (0)
00:00:02.115307   WDT - AMD Watchdog Timer support                        = 0 (0)
00:00:02.115308   LWP - Lightweight Profiling support                     = 0 (0)
00:00:02.115308   FMA4 - Four operand FMA instruction support             = 0 (0)
00:00:02.115309   NodeId - NodeId in MSR C001_100C                        = 0 (0)
00:00:02.115310   TBM - Trailing Bit Manipulation instructions            = 0 (0)
00:00:02.115310   TOPOEXT - Topology Extensions                           = 0 (0)
00:00:02.115311 Full Name:                       "Intel(R) Core(TM) i5-7200U CPU @ 2.50GHz"
00:00:02.115312 TLB 2/4M Instr/Uni:              res0     0 entries
00:00:02.115325 TLB 2/4M Data:                   res0     0 entries
00:00:02.115325 TLB 4K Instr/Uni:                res0     0 entries
00:00:02.115326 TLB 4K Data:                     res0     0 entries
00:00:02.115327 L1 Instr Cache Line Size:        0 bytes
00:00:02.115327 L1 Instr Cache Lines Per Tag:    0
00:00:02.115327 L1 Instr Cache Associativity:    res0  
00:00:02.115328 L1 Instr Cache Size:             0 KB
00:00:02.115328 L1 Data Cache Line Size:         0 bytes
00:00:02.115328 L1 Data Cache Lines Per Tag:     0
00:00:02.115329 L1 Data Cache Associativity:     res0  
00:00:02.115329 L1 Data Cache Size:              0 KB
00:00:02.115329 L2 TLB 2/4M Instr/Uni:           off       0 entries
00:00:02.115330 L2 TLB 2/4M Data:                off       0 entries
00:00:02.115330 L2 TLB 4K Instr/Uni:             off       0 entries
00:00:02.115331 L2 TLB 4K Data:                  off       0 entries
00:00:02.115331 L2 Cache Line Size:              0 bytes
00:00:02.115332 L2 Cache Lines Per Tag:          0
00:00:02.115332 L2 Cache Associativity:          off   
00:00:02.115332 L2 Cache Size:                   0 KB
00:00:02.115333 APM Features:                    TscInvariant
00:00:02.115333 Host Invariant-TSC support:      true 
00:00:02.115334 Physical Address Width:          39 bits
00:00:02.115335 Virtual Address Width:           48 bits
00:00:02.115335 Guest Physical Address Width:    0 bits
00:00:02.115335 Physical Core Count:             1
00:00:02.115336 
00:00:02.115337 ******************** End of CPUID dump **********************
00:00:02.137091 PcBios: SATA LUN#0 LCHS=1024/255/63
00:00:02.137113 PcBios: SATA LUN#1 LCHS=1024/255/63
00:00:02.137162 APIC: fPostedIntrsEnabled=false fVirtApicRegsEnabled=false fSupportsTscDeadline=false
00:00:02.137171 TMR3UtcNow: nsNow=1 517 803 967 112 355 000 nsPrev=0 -> cNsDelta=1 517 803 967 112 355 000 (offLag=0 offVirtualSync=0 offVirtualSyncGivenUp=0, NowAgain=1 517 803 967 112 355 000)
00:00:02.137206 VMEmt: Halt method global1 (5)
00:00:02.137237 VMEmt: HaltedGlobal1 config: cNsSpinBlockThresholdCfg=50000
00:00:02.137242 Changing the VM state from 'CREATING' to 'CREATED'
00:00:02.138209 SharedFolders host service: Adding host mapping
00:00:02.138227     Host path '\\?\c:\Users', map name 'c/Users', writable, automount=true, create_symlinks=true, missing=false
00:00:02.138353 Changing the VM state from 'CREATED' to 'POWERING_ON'
00:00:02.138560 Changing the VM state from 'POWERING_ON' to 'RUNNING'
00:00:02.138570 Console: Machine state changed to 'Running'
00:00:02.143629 VMMDev: Guest Log: BIOS: VirtualBox 5.2.4
00:00:02.143720 PCI: setting up resources and interrupts
00:00:02.144140 PIT: mode=2 count=0x10000 (65536) - 18.20 Hz (ch=0)
00:00:02.159117 Display::handleDisplayResize: uScreenId=0 pvVRAM=0000000000000000 w=720 h=400 bpp=0 cbLine=0x0 flags=0x0
00:00:02.159610 VMMDev: Guest Log: CPUID EDX: 0x078bfbff
00:00:02.176044 AHCI#0: Reset the HBA
00:00:02.176067 VD#1: Cancelling all active requests
00:00:02.176143 AHCI#0: Port 0 reset
00:00:02.176337 AHCI#0: Port 1 reset
00:00:02.176362 VD#1: Cancelling all active requests
00:00:02.177000 VMMDev: Guest Log: BIOS: AHCI 1-P#1: PCHS=16383/16/63 LCHS=1024/255/63 0x0000000002710000 sectors
00:00:02.177068 AHCI#0: Port 2 reset
00:00:02.298751 NAT: Old socket recv size: 64KB
00:00:02.298812 NAT: Old socket send size: 64KB
00:00:02.309062 AHCI#0: Port 3 reset
00:00:02.474297 AHCI#0: Port 4 reset
00:00:02.639525 AHCI#0: Port 5 reset
00:00:02.803917 AHCI#0: Port 6 reset
00:00:02.968812 AHCI#0: Port 7 reset
00:00:03.133916 AHCI#0: Port 8 reset
00:00:03.298177 AHCI#0: Port 9 reset
00:00:03.463451 AHCI#0: Port 10 reset
00:00:03.627411 AHCI#0: Port 11 reset
00:00:03.792676 AHCI#0: Port 12 reset
00:00:03.957648 AHCI#0: Port 13 reset
00:00:04.122100 AHCI#0: Port 14 reset
00:00:04.287285 AHCI#0: Port 15 reset
00:00:04.452113 AHCI#0: Port 16 reset
00:00:04.616891 AHCI#0: Port 17 reset
00:00:04.782083 AHCI#0: Port 18 reset
00:00:04.946223 AHCI#0: Port 19 reset
00:00:05.110940 AHCI#0: Port 20 reset
00:00:05.275820 AHCI#0: Port 21 reset
00:00:05.440476 AHCI#0: Port 22 reset
00:00:05.606772 AHCI#0: Port 23 reset
00:00:05.769581 AHCI#0: Port 24 reset
00:00:05.935370 AHCI#0: Port 25 reset
00:00:06.100137 AHCI#0: Port 26 reset
00:00:06.264420 AHCI#0: Port 27 reset
00:00:06.436241 AHCI#0: Port 28 reset
00:00:06.593824 AHCI#0: Port 29 reset
00:00:06.763309 PIT: mode=2 count=0x48d3 (18643) - 64.00 Hz (ch=0)
00:00:06.777024 PIT: mode=2 count=0x10000 (65536) - 18.20 Hz (ch=0)
00:00:06.777357 VMMDev: Guest Log: BIOS: Boot : bseqnr=1, bootseq=0233
00:00:06.778473 VMMDev: Guest Log: BIOS: Booting from CD-ROM...
00:00:07.230133 VMMDev: Guest Log: BIOS: KBD: unsupported int 16h function 03
00:00:07.231949 VMMDev: Guest Log: BIOS: AX=0305 BX=0000 CX=0000 DX=0000 
00:00:07.996582 GIM: KVM: VCPU  0: Enabled system-time struct. at 0x000000003ffef000 - u32TscScale=0xbcca5bac i8TscShift=-1 uVersion=2 fFlags=0x1 uTsc=0x3b2c1020d uVirtNanoTS=0x15d21b8f3
00:00:07.996615 TM: Switching TSC mode from 'Dynamic' to 'RealTscOffset'
00:00:08.068439 GIM: KVM: Enabled wall-clock struct. at 0x0000000001c84028 - u32Sec=1517803973 u32Nano=44035100 uVersion=2
00:00:17.604685 AHCI#0: Reset the HBA
00:00:17.604712 VD#1: Cancelling all active requests
00:00:17.610688 AHCI#0: Port 0 reset
00:00:17.952822 AHCI#0: Port 1 reset
00:00:17.971517 VD#1: Cancelling all active requests
00:00:30.137060 VMMDev: Guest Additions information report: Version 5.2.2 r119230 '5.2.2'
00:00:30.137109 VMMDev: Guest Additions information report: Interface = 0x00010004 osType = 0x00053100 (Linux >= 2.6, 64-bit)
00:00:30.137260 VMMDev: Guest Additions capability report: (0x0 -> 0x0) seamless: no, hostWindowMapping: no, graphics: no
00:00:30.137349 VMMDev: Guest reported fixed hypervisor window at 00001000000 LB 0x800000 (rc=VINF_SUCCESS)
00:00:30.137368 VMMDev: vmmDevReqHandler_HeartbeatConfigure: No change (fHeartbeatActive=false).
00:00:30.137383 VMMDev: Heartbeat flatline timer set to trigger after 4 000 000 000 ns
00:00:30.137472 VMMDev: Guest Log: vgdrvHeartbeatInit: Setting up heartbeat to trigger every 2000 milliseconds
00:00:30.137767 VMMDev: Guest Log: vboxguest: misc device minor 56, IRQ 20, I/O port d020, MMIO at 00000000f0400000 (size 0x400000)
00:00:32.123924 NAT: Link up
00:00:38.969180 VMMDev: Guest Log: VBoxService 5.2.2 r119230 (verbosity: 0) linux.amd64 (Nov 22 2017 17:22:52) release log
00:00:38.969198 VMMDev: Guest Log: 00:00:00.000102 main     Log opened 2018-02-05T04:13:22.026201000Z
00:00:38.970752 VMMDev: Guest Log: 00:00:00.001622 main     OS Product: Linux
00:00:38.971314 VMMDev: Guest Log: 00:00:00.002193 main     OS Release: 4.4.111-boot2docker
00:00:38.971984 VMMDev: Guest Log: 00:00:00.002867 main     OS Version: #1 SMP Thu Jan 11 16:25:31 UTC 2018
00:00:38.972012 VMMDev: Guest Log: 00:00:00.002895 main     Executable: /sbin/VBoxService
00:00:38.972017 VMMDev: Guest Log: 00:00:00.002896 main     Process ID: 2078
00:00:38.972020 VMMDev: Guest Log: 00:00:00.002897 main     Package type: LINUX_64BITS_GENERIC
00:00:38.975499 VMMDev: Guest Log: 00:00:00.006407 main     5.2.2 r119230 started. Verbose level = 0
00:00:38.979961 VMMDev: Guest Log: 00:00:00.010873 vminfo   rtldrNativeLoad: dlopen('libdbus-1.so.3', RTLD_NOW | RTLD_LOCAL) failed: libdbus-1.so.3: cannot open shared object file: No such file or directory
00:00:38.980038 VMMDev: Guest Log: 00:00:00.010976 vminfo   Error: Unable to connect to system D-Bus (1/3): D-Bus not installed
00:00:38.988383 VMMDev: Guest Additions capability report: (0x0 -> 0x0) seamless: no, hostWindowMapping: no, graphics: no
00:00:39.021146 NAT: IPv6 not supported
00:00:40.907140 NAT: DHCP offered IP address 10.0.2.15
00:00:40.907385 NAT: DHCP offered IP address 10.0.2.15
00:00:43.981692 VMMDev: Guest Log: 00:00:05.013864 vminfo   Error: Unable to connect to system D-Bus (2/3): D-Bus not installed
00:00:48.983552 VMMDev: Guest Log: 00:00:10.015747 vminfo   Error: Unable to connect to system D-Bus (3/3): D-Bus not installed
00:46:37.696026 Pausing VM execution, reason 'host suspend'
00:46:37.696153 Changing the VM state from 'RUNNING' to 'SUSPENDING'
00:46:37.722754 PDMR3Suspend: 26 584 366 ns run time
00:46:37.722771 Changing the VM state from 'SUSPENDING' to 'SUSPENDED'
00:46:37.722783 Console: Machine state changed to 'Paused'
00:51:36.832728 Resuming VM execution, reason 'host resume'
00:51:36.832797 Changing the VM state from 'SUSPENDED' to 'RESUMING'
00:51:37.114845 Changing the VM state from 'RESUMING' to 'RUNNING'
00:51:37.114888 Console: Machine state changed to 'Running'
